<?xml version="1.0" encoding="UTF-8"?>
<testsuite xmlns:xsi="http://www.w3.org/2001/XMLSchema-instance" xsi:noNamespaceSchemaLocation="https://maven.apache.org/surefire/maven-surefire-plugin/xsd/surefire-test-report.xsd" name="com.zxh.ServiceApplicationTests" time="3.409" tests="1" errors="0" skipped="0" failures="0">
  <properties>
    <property name="sun.desktop" value="windows"/>
    <property name="awt.toolkit" value="sun.awt.windows.WToolkit"/>
    <property name="file.encoding.pkg" value="sun.io"/>
    <property name="java.specification.version" value="1.8"/>
    <property name="sun.cpu.isalist" value="amd64"/>
    <property name="sun.jnu.encoding" value="GBK"/>
    <property name="java.class.path" value="C:\Users\10306\Desktop\毕业设计\service\target\test-classes;C:\Users\10306\Desktop\毕业设计\service\target\classes;D:\Program Files\apache-maven-3.6.2\repository\org\mybatis\spring\boot\mybatis-spring-boot-starter\2.1.1\mybatis-spring-boot-starter-2.1.1.jar;D:\Program Files\apache-maven-3.6.2\repository\org\springframework\boot\spring-boot-starter\2.2.4.RELEASE\spring-boot-starter-2.2.4.RELEASE.jar;D:\Program Files\apache-maven-3.6.2\repository\org\springframework\boot\spring-boot\2.2.4.RELEASE\spring-boot-2.2.4.RELEASE.jar;D:\Program Files\apache-maven-3.6.2\repository\org\springframework\boot\spring-boot-autoconfigure\2.2.4.RELEASE\spring-boot-autoconfigure-2.2.4.RELEASE.jar;D:\Program Files\apache-maven-3.6.2\repository\org\springframework\boot\spring-boot-starter-logging\2.2.4.RELEASE\spring-boot-starter-logging-2.2.4.RELEASE.jar;D:\Program Files\apache-maven-3.6.2\repository\ch\qos\logback\logback-classic\1.2.3\logback-classic-1.2.3.jar;D:\Program Files\apache-maven-3.6.2\repository\ch\qos\logback\logback-core\1.2.3\logback-core-1.2.3.jar;D:\Program Files\apache-maven-3.6.2\repository\org\apache\logging\log4j\log4j-to-slf4j\2.12.1\log4j-to-slf4j-2.12.1.jar;D:\Program Files\apache-maven-3.6.2\repository\org\apache\logging\log4j\log4j-api\2.12.1\log4j-api-2.12.1.jar;D:\Program Files\apache-maven-3.6.2\repository\org\slf4j\jul-to-slf4j\1.7.30\jul-to-slf4j-1.7.30.jar;D:\Program Files\apache-maven-3.6.2\repository\jakarta\annotation\jakarta.annotation-api\1.3.5\jakarta.annotation-api-1.3.5.jar;D:\Program Files\apache-maven-3.6.2\repository\org\yaml\snakeyaml\1.25\snakeyaml-1.25.jar;D:\Program Files\apache-maven-3.6.2\repository\org\mybatis\spring\boot\mybatis-spring-boot-autoconfigure\2.1.1\mybatis-spring-boot-autoconfigure-2.1.1.jar;D:\Program Files\apache-maven-3.6.2\repository\org\mybatis\mybatis\3.5.3\mybatis-3.5.3.jar;D:\Program Files\apache-maven-3.6.2\repository\org\mybatis\mybatis-spring\2.0.3\mybatis-spring-2.0.3.jar;D:\Program Files\apache-maven-3.6.2\repository\org\springframework\boot\spring-boot-starter-jdbc\2.2.4.RELEASE\spring-boot-starter-jdbc-2.2.4.RELEASE.jar;D:\Program Files\apache-maven-3.6.2\repository\com\zaxxer\HikariCP\3.4.2\HikariCP-3.4.2.jar;D:\Program Files\apache-maven-3.6.2\repository\org\slf4j\slf4j-api\1.7.30\slf4j-api-1.7.30.jar;D:\Program Files\apache-maven-3.6.2\repository\org\springframework\spring-jdbc\5.2.3.RELEASE\spring-jdbc-5.2.3.RELEASE.jar;D:\Program Files\apache-maven-3.6.2\repository\org\springframework\spring-beans\5.2.3.RELEASE\spring-beans-5.2.3.RELEASE.jar;D:\Program Files\apache-maven-3.6.2\repository\org\springframework\spring-tx\5.2.3.RELEASE\spring-tx-5.2.3.RELEASE.jar;D:\Program Files\apache-maven-3.6.2\repository\org\springframework\boot\spring-boot-starter-web\2.2.4.RELEASE\spring-boot-starter-web-2.2.4.RELEASE.jar;D:\Program Files\apache-maven-3.6.2\repository\org\springframework\boot\spring-boot-starter-json\2.2.4.RELEASE\spring-boot-starter-json-2.2.4.RELEASE.jar;D:\Program Files\apache-maven-3.6.2\repository\com\fasterxml\jackson\core\jackson-databind\2.10.2\jackson-databind-2.10.2.jar;D:\Program Files\apache-maven-3.6.2\repository\com\fasterxml\jackson\core\jackson-annotations\2.10.2\jackson-annotations-2.10.2.jar;D:\Program Files\apache-maven-3.6.2\repository\com\fasterxml\jackson\core\jackson-core\2.10.2\jackson-core-2.10.2.jar;D:\Program Files\apache-maven-3.6.2\repository\com\fasterxml\jackson\datatype\jackson-datatype-jdk8\2.10.2\jackson-datatype-jdk8-2.10.2.jar;D:\Program Files\apache-maven-3.6.2\repository\com\fasterxml\jackson\datatype\jackson-datatype-jsr310\2.10.2\jackson-datatype-jsr310-2.10.2.jar;D:\Program Files\apache-maven-3.6.2\repository\com\fasterxml\jackson\module\jackson-module-parameter-names\2.10.2\jackson-module-parameter-names-2.10.2.jar;D:\Program Files\apache-maven-3.6.2\repository\org\springframework\boot\spring-boot-starter-tomcat\2.2.4.RELEASE\spring-boot-starter-tomcat-2.2.4.RELEASE.jar;D:\Program Files\apache-maven-3.6.2\repository\org\apache\tomcat\embed\tomcat-embed-core\9.0.30\tomcat-embed-core-9.0.30.jar;D:\Program Files\apache-maven-3.6.2\repository\org\apache\tomcat\embed\tomcat-embed-el\9.0.30\tomcat-embed-el-9.0.30.jar;D:\Program Files\apache-maven-3.6.2\repository\org\apache\tomcat\embed\tomcat-embed-websocket\9.0.30\tomcat-embed-websocket-9.0.30.jar;D:\Program Files\apache-maven-3.6.2\repository\org\springframework\boot\spring-boot-starter-validation\2.2.4.RELEASE\spring-boot-starter-validation-2.2.4.RELEASE.jar;D:\Program Files\apache-maven-3.6.2\repository\jakarta\validation\jakarta.validation-api\2.0.2\jakarta.validation-api-2.0.2.jar;D:\Program Files\apache-maven-3.6.2\repository\org\hibernate\validator\hibernate-validator\6.0.18.Final\hibernate-validator-6.0.18.Final.jar;D:\Program Files\apache-maven-3.6.2\repository\org\jboss\logging\jboss-logging\3.4.1.Final\jboss-logging-3.4.1.Final.jar;D:\Program Files\apache-maven-3.6.2\repository\com\fasterxml\classmate\1.5.1\classmate-1.5.1.jar;D:\Program Files\apache-maven-3.6.2\repository\org\springframework\spring-web\5.2.3.RELEASE\spring-web-5.2.3.RELEASE.jar;D:\Program Files\apache-maven-3.6.2\repository\org\springframework\spring-webmvc\5.2.3.RELEASE\spring-webmvc-5.2.3.RELEASE.jar;D:\Program Files\apache-maven-3.6.2\repository\org\springframework\spring-aop\5.2.3.RELEASE\spring-aop-5.2.3.RELEASE.jar;D:\Program Files\apache-maven-3.6.2\repository\org\springframework\spring-context\5.2.3.RELEASE\spring-context-5.2.3.RELEASE.jar;D:\Program Files\apache-maven-3.6.2\repository\org\springframework\spring-expression\5.2.3.RELEASE\spring-expression-5.2.3.RELEASE.jar;D:\Program Files\apache-maven-3.6.2\repository\mysql\mysql-connector-java\8.0.19\mysql-connector-java-8.0.19.jar;D:\Program Files\apache-maven-3.6.2\repository\org\projectlombok\lombok\1.18.10\lombok-1.18.10.jar;D:\Program Files\apache-maven-3.6.2\repository\org\springframework\boot\spring-boot-starter-test\2.2.4.RELEASE\spring-boot-starter-test-2.2.4.RELEASE.jar;D:\Program Files\apache-maven-3.6.2\repository\org\springframework\boot\spring-boot-test\2.2.4.RELEASE\spring-boot-test-2.2.4.RELEASE.jar;D:\Program Files\apache-maven-3.6.2\repository\org\springframework\boot\spring-boot-test-autoconfigure\2.2.4.RELEASE\spring-boot-test-autoconfigure-2.2.4.RELEASE.jar;D:\Program Files\apache-maven-3.6.2\repository\com\jayway\jsonpath\json-path\2.4.0\json-path-2.4.0.jar;D:\Program Files\apache-maven-3.6.2\repository\net\minidev\json-smart\2.3\json-smart-2.3.jar;D:\Program Files\apache-maven-3.6.2\repository\net\minidev\accessors-smart\1.2\accessors-smart-1.2.jar;D:\Program Files\apache-maven-3.6.2\repository\org\ow2\asm\asm\5.0.4\asm-5.0.4.jar;D:\Program Files\apache-maven-3.6.2\repository\jakarta\xml\bind\jakarta.xml.bind-api\2.3.2\jakarta.xml.bind-api-2.3.2.jar;D:\Program Files\apache-maven-3.6.2\repository\jakarta\activation\jakarta.activation-api\1.2.1\jakarta.activation-api-1.2.1.jar;D:\Program Files\apache-maven-3.6.2\repository\org\junit\jupiter\junit-jupiter\5.5.2\junit-jupiter-5.5.2.jar;D:\Program Files\apache-maven-3.6.2\repository\org\junit\jupiter\junit-jupiter-api\5.5.2\junit-jupiter-api-5.5.2.jar;D:\Program Files\apache-maven-3.6.2\repository\org\apiguardian\apiguardian-api\1.1.0\apiguardian-api-1.1.0.jar;D:\Program Files\apache-maven-3.6.2\repository\org\opentest4j\opentest4j\1.2.0\opentest4j-1.2.0.jar;D:\Program Files\apache-maven-3.6.2\repository\org\junit\platform\junit-platform-commons\1.5.2\junit-platform-commons-1.5.2.jar;D:\Program Files\apache-maven-3.6.2\repository\org\junit\jupiter\junit-jupiter-params\5.5.2\junit-jupiter-params-5.5.2.jar;D:\Program Files\apache-maven-3.6.2\repository\org\junit\jupiter\junit-jupiter-engine\5.5.2\junit-jupiter-engine-5.5.2.jar;D:\Program Files\apache-maven-3.6.2\repository\org\junit\platform\junit-platform-engine\1.5.2\junit-platform-engine-1.5.2.jar;D:\Program Files\apache-maven-3.6.2\repository\org\mockito\mockito-junit-jupiter\3.1.0\mockito-junit-jupiter-3.1.0.jar;D:\Program Files\apache-maven-3.6.2\repository\org\assertj\assertj-core\3.13.2\assertj-core-3.13.2.jar;D:\Program Files\apache-maven-3.6.2\repository\org\hamcrest\hamcrest\2.1\hamcrest-2.1.jar;D:\Program Files\apache-maven-3.6.2\repository\org\mockito\mockito-core\3.1.0\mockito-core-3.1.0.jar;D:\Program Files\apache-maven-3.6.2\repository\net\bytebuddy\byte-buddy\1.10.6\byte-buddy-1.10.6.jar;D:\Program Files\apache-maven-3.6.2\repository\net\bytebuddy\byte-buddy-agent\1.10.6\byte-buddy-agent-1.10.6.jar;D:\Program Files\apache-maven-3.6.2\repository\org\objenesis\objenesis\2.6\objenesis-2.6.jar;D:\Program Files\apache-maven-3.6.2\repository\org\skyscreamer\jsonassert\1.5.0\jsonassert-1.5.0.jar;D:\Program Files\apache-maven-3.6.2\repository\com\vaadin\external\google\android-json\0.0.20131108.vaadin1\android-json-0.0.20131108.vaadin1.jar;D:\Program Files\apache-maven-3.6.2\repository\org\springframework\spring-core\5.2.3.RELEASE\spring-core-5.2.3.RELEASE.jar;D:\Program Files\apache-maven-3.6.2\repository\org\springframework\spring-jcl\5.2.3.RELEASE\spring-jcl-5.2.3.RELEASE.jar;D:\Program Files\apache-maven-3.6.2\repository\org\springframework\spring-test\5.2.3.RELEASE\spring-test-5.2.3.RELEASE.jar;D:\Program Files\apache-maven-3.6.2\repository\org\xmlunit\xmlunit-core\2.6.3\xmlunit-core-2.6.3.jar;"/>
    <property name="java.vm.vendor" value="Oracle Corporation"/>
    <property name="sun.arch.data.model" value="64"/>
    <property name="user.variant" value=""/>
    <property name="java.vendor.url" value="http://java.oracle.com/"/>
    <property name="user.timezone" value="Asia/Shanghai"/>
    <property name="java.vm.specification.version" value="1.8"/>
    <property name="os.name" value="Windows 10"/>
    <property name="user.country" value="CN"/>
    <property name="sun.java.launcher" value="SUN_STANDARD"/>
    <property name="sun.boot.library.path" value="D:\Program Files\Java\jdk1.8.0_231\jre\bin"/>
    <property name="sun.java.command" value="C:\Users\10306\AppData\Local\Temp\surefire3518393492730590050\surefirebooter8058396918871168150.jar C:\Users\10306\AppData\Local\Temp\surefire3518393492730590050 2020-03-15T18-12-22_768-jvmRun1 surefire8985335937464968865tmp surefire_05840950171131904573tmp"/>
    <property name="surefire.test.class.path" value="C:\Users\10306\Desktop\毕业设计\service\target\test-classes;C:\Users\10306\Desktop\毕业设计\service\target\classes;D:\Program Files\apache-maven-3.6.2\repository\org\mybatis\spring\boot\mybatis-spring-boot-starter\2.1.1\mybatis-spring-boot-starter-2.1.1.jar;D:\Program Files\apache-maven-3.6.2\repository\org\springframework\boot\spring-boot-starter\2.2.4.RELEASE\spring-boot-starter-2.2.4.RELEASE.jar;D:\Program Files\apache-maven-3.6.2\repository\org\springframework\boot\spring-boot\2.2.4.RELEASE\spring-boot-2.2.4.RELEASE.jar;D:\Program Files\apache-maven-3.6.2\repository\org\springframework\boot\spring-boot-autoconfigure\2.2.4.RELEASE\spring-boot-autoconfigure-2.2.4.RELEASE.jar;D:\Program Files\apache-maven-3.6.2\repository\org\springframework\boot\spring-boot-starter-logging\2.2.4.RELEASE\spring-boot-starter-logging-2.2.4.RELEASE.jar;D:\Program Files\apache-maven-3.6.2\repository\ch\qos\logback\logback-classic\1.2.3\logback-classic-1.2.3.jar;D:\Program Files\apache-maven-3.6.2\repository\ch\qos\logback\logback-core\1.2.3\logback-core-1.2.3.jar;D:\Program Files\apache-maven-3.6.2\repository\org\apache\logging\log4j\log4j-to-slf4j\2.12.1\log4j-to-slf4j-2.12.1.jar;D:\Program Files\apache-maven-3.6.2\repository\org\apache\logging\log4j\log4j-api\2.12.1\log4j-api-2.12.1.jar;D:\Program Files\apache-maven-3.6.2\repository\org\slf4j\jul-to-slf4j\1.7.30\jul-to-slf4j-1.7.30.jar;D:\Program Files\apache-maven-3.6.2\repository\jakarta\annotation\jakarta.annotation-api\1.3.5\jakarta.annotation-api-1.3.5.jar;D:\Program Files\apache-maven-3.6.2\repository\org\yaml\snakeyaml\1.25\snakeyaml-1.25.jar;D:\Program Files\apache-maven-3.6.2\repository\org\mybatis\spring\boot\mybatis-spring-boot-autoconfigure\2.1.1\mybatis-spring-boot-autoconfigure-2.1.1.jar;D:\Program Files\apache-maven-3.6.2\repository\org\mybatis\mybatis\3.5.3\mybatis-3.5.3.jar;D:\Program Files\apache-maven-3.6.2\repository\org\mybatis\mybatis-spring\2.0.3\mybatis-spring-2.0.3.jar;D:\Program Files\apache-maven-3.6.2\repository\org\springframework\boot\spring-boot-starter-jdbc\2.2.4.RELEASE\spring-boot-starter-jdbc-2.2.4.RELEASE.jar;D:\Program Files\apache-maven-3.6.2\repository\com\zaxxer\HikariCP\3.4.2\HikariCP-3.4.2.jar;D:\Program Files\apache-maven-3.6.2\repository\org\slf4j\slf4j-api\1.7.30\slf4j-api-1.7.30.jar;D:\Program Files\apache-maven-3.6.2\repository\org\springframework\spring-jdbc\5.2.3.RELEASE\spring-jdbc-5.2.3.RELEASE.jar;D:\Program Files\apache-maven-3.6.2\repository\org\springframework\spring-beans\5.2.3.RELEASE\spring-beans-5.2.3.RELEASE.jar;D:\Program Files\apache-maven-3.6.2\repository\org\springframework\spring-tx\5.2.3.RELEASE\spring-tx-5.2.3.RELEASE.jar;D:\Program Files\apache-maven-3.6.2\repository\org\springframework\boot\spring-boot-starter-web\2.2.4.RELEASE\spring-boot-starter-web-2.2.4.RELEASE.jar;D:\Program Files\apache-maven-3.6.2\repository\org\springframework\boot\spring-boot-starter-json\2.2.4.RELEASE\spring-boot-starter-json-2.2.4.RELEASE.jar;D:\Program Files\apache-maven-3.6.2\repository\com\fasterxml\jackson\core\jackson-databind\2.10.2\jackson-databind-2.10.2.jar;D:\Program Files\apache-maven-3.6.2\repository\com\fasterxml\jackson\core\jackson-annotations\2.10.2\jackson-annotations-2.10.2.jar;D:\Program Files\apache-maven-3.6.2\repository\com\fasterxml\jackson\core\jackson-core\2.10.2\jackson-core-2.10.2.jar;D:\Program Files\apache-maven-3.6.2\repository\com\fasterxml\jackson\datatype\jackson-datatype-jdk8\2.10.2\jackson-datatype-jdk8-2.10.2.jar;D:\Program Files\apache-maven-3.6.2\repository\com\fasterxml\jackson\datatype\jackson-datatype-jsr310\2.10.2\jackson-datatype-jsr310-2.10.2.jar;D:\Program Files\apache-maven-3.6.2\repository\com\fasterxml\jackson\module\jackson-module-parameter-names\2.10.2\jackson-module-parameter-names-2.10.2.jar;D:\Program Files\apache-maven-3.6.2\repository\org\springframework\boot\spring-boot-starter-tomcat\2.2.4.RELEASE\spring-boot-starter-tomcat-2.2.4.RELEASE.jar;D:\Program Files\apache-maven-3.6.2\repository\org\apache\tomcat\embed\tomcat-embed-core\9.0.30\tomcat-embed-core-9.0.30.jar;D:\Program Files\apache-maven-3.6.2\repository\org\apache\tomcat\embed\tomcat-embed-el\9.0.30\tomcat-embed-el-9.0.30.jar;D:\Program Files\apache-maven-3.6.2\repository\org\apache\tomcat\embed\tomcat-embed-websocket\9.0.30\tomcat-embed-websocket-9.0.30.jar;D:\Program Files\apache-maven-3.6.2\repository\org\springframework\boot\spring-boot-starter-validation\2.2.4.RELEASE\spring-boot-starter-validation-2.2.4.RELEASE.jar;D:\Program Files\apache-maven-3.6.2\repository\jakarta\validation\jakarta.validation-api\2.0.2\jakarta.validation-api-2.0.2.jar;D:\Program Files\apache-maven-3.6.2\repository\org\hibernate\validator\hibernate-validator\6.0.18.Final\hibernate-validator-6.0.18.Final.jar;D:\Program Files\apache-maven-3.6.2\repository\org\jboss\logging\jboss-logging\3.4.1.Final\jboss-logging-3.4.1.Final.jar;D:\Program Files\apache-maven-3.6.2\repository\com\fasterxml\classmate\1.5.1\classmate-1.5.1.jar;D:\Program Files\apache-maven-3.6.2\repository\org\springframework\spring-web\5.2.3.RELEASE\spring-web-5.2.3.RELEASE.jar;D:\Program Files\apache-maven-3.6.2\repository\org\springframework\spring-webmvc\5.2.3.RELEASE\spring-webmvc-5.2.3.RELEASE.jar;D:\Program Files\apache-maven-3.6.2\repository\org\springframework\spring-aop\5.2.3.RELEASE\spring-aop-5.2.3.RELEASE.jar;D:\Program Files\apache-maven-3.6.2\repository\org\springframework\spring-context\5.2.3.RELEASE\spring-context-5.2.3.RELEASE.jar;D:\Program Files\apache-maven-3.6.2\repository\org\springframework\spring-expression\5.2.3.RELEASE\spring-expression-5.2.3.RELEASE.jar;D:\Program Files\apache-maven-3.6.2\repository\mysql\mysql-connector-java\8.0.19\mysql-connector-java-8.0.19.jar;D:\Program Files\apache-maven-3.6.2\repository\org\projectlombok\lombok\1.18.10\lombok-1.18.10.jar;D:\Program Files\apache-maven-3.6.2\repository\org\springframework\boot\spring-boot-starter-test\2.2.4.RELEASE\spring-boot-starter-test-2.2.4.RELEASE.jar;D:\Program Files\apache-maven-3.6.2\repository\org\springframework\boot\spring-boot-test\2.2.4.RELEASE\spring-boot-test-2.2.4.RELEASE.jar;D:\Program Files\apache-maven-3.6.2\repository\org\springframework\boot\spring-boot-test-autoconfigure\2.2.4.RELEASE\spring-boot-test-autoconfigure-2.2.4.RELEASE.jar;D:\Program Files\apache-maven-3.6.2\repository\com\jayway\jsonpath\json-path\2.4.0\json-path-2.4.0.jar;D:\Program Files\apache-maven-3.6.2\repository\net\minidev\json-smart\2.3\json-smart-2.3.jar;D:\Program Files\apache-maven-3.6.2\repository\net\minidev\accessors-smart\1.2\accessors-smart-1.2.jar;D:\Program Files\apache-maven-3.6.2\repository\org\ow2\asm\asm\5.0.4\asm-5.0.4.jar;D:\Program Files\apache-maven-3.6.2\repository\jakarta\xml\bind\jakarta.xml.bind-api\2.3.2\jakarta.xml.bind-api-2.3.2.jar;D:\Program Files\apache-maven-3.6.2\repository\jakarta\activation\jakarta.activation-api\1.2.1\jakarta.activation-api-1.2.1.jar;D:\Program Files\apache-maven-3.6.2\repository\org\junit\jupiter\junit-jupiter\5.5.2\junit-jupiter-5.5.2.jar;D:\Program Files\apache-maven-3.6.2\repository\org\junit\jupiter\junit-jupiter-api\5.5.2\junit-jupiter-api-5.5.2.jar;D:\Program Files\apache-maven-3.6.2\repository\org\apiguardian\apiguardian-api\1.1.0\apiguardian-api-1.1.0.jar;D:\Program Files\apache-maven-3.6.2\repository\org\opentest4j\opentest4j\1.2.0\opentest4j-1.2.0.jar;D:\Program Files\apache-maven-3.6.2\repository\org\junit\platform\junit-platform-commons\1.5.2\junit-platform-commons-1.5.2.jar;D:\Program Files\apache-maven-3.6.2\repository\org\junit\jupiter\junit-jupiter-params\5.5.2\junit-jupiter-params-5.5.2.jar;D:\Program Files\apache-maven-3.6.2\repository\org\junit\jupiter\junit-jupiter-engine\5.5.2\junit-jupiter-engine-5.5.2.jar;D:\Program Files\apache-maven-3.6.2\repository\org\junit\platform\junit-platform-engine\1.5.2\junit-platform-engine-1.5.2.jar;D:\Program Files\apache-maven-3.6.2\repository\org\mockito\mockito-junit-jupiter\3.1.0\mockito-junit-jupiter-3.1.0.jar;D:\Program Files\apache-maven-3.6.2\repository\org\assertj\assertj-core\3.13.2\assertj-core-3.13.2.jar;D:\Program Files\apache-maven-3.6.2\repository\org\hamcrest\hamcrest\2.1\hamcrest-2.1.jar;D:\Program Files\apache-maven-3.6.2\repository\org\mockito\mockito-core\3.1.0\mockito-core-3.1.0.jar;D:\Program Files\apache-maven-3.6.2\repository\net\bytebuddy\byte-buddy\1.10.6\byte-buddy-1.10.6.jar;D:\Program Files\apache-maven-3.6.2\repository\net\bytebuddy\byte-buddy-agent\1.10.6\byte-buddy-agent-1.10.6.jar;D:\Program Files\apache-maven-3.6.2\repository\org\objenesis\objenesis\2.6\objenesis-2.6.jar;D:\Program Files\apache-maven-3.6.2\repository\org\skyscreamer\jsonassert\1.5.0\jsonassert-1.5.0.jar;D:\Program Files\apache-maven-3.6.2\repository\com\vaadin\external\google\android-json\0.0.20131108.vaadin1\android-json-0.0.20131108.vaadin1.jar;D:\Program Files\apache-maven-3.6.2\repository\org\springframework\spring-core\5.2.3.RELEASE\spring-core-5.2.3.RELEASE.jar;D:\Program Files\apache-maven-3.6.2\repository\org\springframework\spring-jcl\5.2.3.RELEASE\spring-jcl-5.2.3.RELEASE.jar;D:\Program Files\apache-maven-3.6.2\repository\org\springframework\spring-test\5.2.3.RELEASE\spring-test-5.2.3.RELEASE.jar;D:\Program Files\apache-maven-3.6.2\repository\org\xmlunit\xmlunit-core\2.6.3\xmlunit-core-2.6.3.jar;"/>
    <property name="sun.cpu.endian" value="little"/>
    <property name="user.home" value="C:\Users\10306"/>
    <property name="user.language" value="zh"/>
    <property name="java.specification.vendor" value="Oracle Corporation"/>
    <property name="java.home" value="D:\Program Files\Java\jdk1.8.0_231\jre"/>
    <property name="basedir" value="C:\Users\10306\Desktop\毕业设计\service"/>
    <property name="file.separator" value="\"/>
    <property name="line.separator" value="&#10;"/>
    <property name="java.vm.specification.vendor" value="Oracle Corporation"/>
    <property name="java.specification.name" value="Java Platform API Specification"/>
    <property name="java.awt.graphicsenv" value="sun.awt.Win32GraphicsEnvironment"/>
    <property name="surefire.real.class.path" value="C:\Users\10306\AppData\Local\Temp\surefire3518393492730590050\surefirebooter8058396918871168150.jar"/>
    <property name="sun.boot.class.path" value="D:\Program Files\Java\jdk1.8.0_231\jre\lib\resources.jar;D:\Program Files\Java\jdk1.8.0_231\jre\lib\rt.jar;D:\Program Files\Java\jdk1.8.0_231\jre\lib\sunrsasign.jar;D:\Program Files\Java\jdk1.8.0_231\jre\lib\jsse.jar;D:\Program Files\Java\jdk1.8.0_231\jre\lib\jce.jar;D:\Program Files\Java\jdk1.8.0_231\jre\lib\charsets.jar;D:\Program Files\Java\jdk1.8.0_231\jre\lib\jfr.jar;D:\Program Files\Java\jdk1.8.0_231\jre\classes"/>
    <property name="user.script" value=""/>
    <property name="sun.management.compiler" value="HotSpot 64-Bit Tiered Compilers"/>
    <property name="java.runtime.version" value="1.8.0_231-b11"/>
    <property name="user.name" value="10306"/>
    <property name="path.separator" value=";"/>
    <property name="os.version" value="10.0"/>
    <property name="java.endorsed.dirs" value="D:\Program Files\Java\jdk1.8.0_231\jre\lib\endorsed"/>
    <property name="java.runtime.name" value="Java(TM) SE Runtime Environment"/>
    <property name="file.encoding" value="GBK"/>
    <property name="java.vm.name" value="Java HotSpot(TM) 64-Bit Server VM"/>
    <property name="localRepository" value="D:\Program Files\apache-maven-3.6.2\repository"/>
    <property name="java.vendor.url.bug" value="http://bugreport.sun.com/bugreport/"/>
    <property name="java.io.tmpdir" value="C:\Users\10306\AppData\Local\Temp\"/>
    <property name="java.version" value="1.8.0_231"/>
    <property name="user.dir" value="C:\Users\10306\Desktop\毕业设计\service"/>
    <property name="os.arch" value="amd64"/>
    <property name="java.vm.specification.name" value="Java Virtual Machine Specification"/>
    <property name="java.awt.printerjob" value="sun.awt.windows.WPrinterJob"/>
    <property name="sun.os.patch.level" value=""/>
    <property name="java.library.path" value="D:\Program Files\Java\jdk1.8.0_231\jre\bin;C:\WINDOWS\Sun\Java\bin;C:\WINDOWS\system32;C:\WINDOWS;C:\Users\10306\bin;D:\Program Files\Git\mingw64\bin;D:\Program Files\Git\usr\local\bin;D:\Program Files\Git\usr\bin;D:\Program Files\Git\usr\bin;D:\Program Files\Git\mingw64\bin;D:\Program Files\Git\usr\bin;C:\Users\10306\bin;C:\Program Files (x86)\Common Files\Oracle\Java\javapath;D:\Program Files (x86)\NetSarang\Xshell 6;C:\WINDOWS\system32;C:\WINDOWS;C:\WINDOWS\System32\Wbem;C:\WINDOWS\System32\WindowsPowerShell\v1.0;C:\WINDOWS\System32\OpenSSH;D:\Program Files\nodejs;D:\Program Files\Redis;D:\Program Files\Git\cmd;D:\Program Files\Microsoft VS Code\bin;C:\Program Files\NVIDIA Corporation\NVIDIA NvDLISR;C:\Program Files (x86)\NVIDIA Corporation\PhysX\Common;C:\Program Files\MySQL\MySQL Server 5.7\bin;D:\Program Files\apache-maven-3.6.2\bin;D:\Program Files\apache-tomcat-9.0.30\lib;D:\Program Files\apache-tomcat-9.0.30\bin;C:\Users\10306\AppData\Local\Microsoft\WindowsApps;C:\Users\10306\AppData\Roaming\npm;D:\Program Files\JetBrains\IntelliJ IDEA 2019.3.3\bin;D:\Program Files\Git\usr\bin\vendor_perl;D:\Program Files\Git\usr\bin\core_perl;."/>
    <property name="java.vm.info" value="mixed mode"/>
    <property name="java.vendor" value="Oracle Corporation"/>
    <property name="java.vm.version" value="25.231-b11"/>
    <property name="java.ext.dirs" value="D:\Program Files\Java\jdk1.8.0_231\jre\lib\ext;C:\WINDOWS\Sun\Java\lib\ext"/>
    <property name="sun.io.unicode.encoding" value="UnicodeLittle"/>
    <property name="java.class.version" value="52.0"/>
  </properties>
  <testcase name="contextLoads" classname="com.zxh.ServiceApplicationTests" time="0.227"/>
</testsuite>